c:\users\malgosia\downloads\robot\robot\robot\x64\debug\vc140.pdb
c:\users\malgosia\downloads\robot\robot\robot\x64\debug\vc140.idb
c:\users\malgosia\downloads\robot\robot\robot\x64\debug\gk2_applicationbase.obj
c:\users\malgosia\downloads\robot\robot\robot\x64\debug\gk2_camera.obj
c:\users\malgosia\downloads\robot\robot\robot\x64\debug\gk2_constantbuffer.obj
c:\users\malgosia\downloads\robot\robot\robot\x64\debug\gk2_devicehelper.obj
c:\users\malgosia\downloads\robot\robot\robot\x64\debug\gk2_effectbase.obj
c:\users\malgosia\downloads\robot\robot\robot\x64\debug\gk2_exceptions.obj
c:\users\malgosia\downloads\robot\robot\robot\x64\debug\gk2_input.obj
c:\users\malgosia\downloads\robot\robot\robot\x64\debug\gk2_lightshadoweffect.obj
c:\users\malgosia\downloads\robot\robot\robot\x64\debug\gk2_mesh.obj
c:\users\malgosia\downloads\robot\robot\robot\x64\debug\gk2_meshloader.obj
c:\users\malgosia\downloads\robot\robot\robot\x64\debug\gk2_phongeffect.obj
c:\users\malgosia\downloads\robot\robot\robot\x64\debug\gk2_utils.obj
c:\users\malgosia\downloads\robot\robot\robot\x64\debug\gk2_vertices.obj
c:\users\malgosia\downloads\robot\robot\robot\x64\debug\gk2_window.obj
c:\users\malgosia\downloads\robot\robot\robot\x64\debug\main.obj
c:\users\malgosia\downloads\robot\robot\robot\x64\debug\wictextureloader.obj
c:\users\malgosia\downloads\robot\robot\robot\x64\debug\gk2_robot.obj
c:\users\malgosia\downloads\robot\robot\robot\lightshadowps.cso
c:\users\malgosia\downloads\robot\robot\robot\lightshadowvs.cso
c:\users\malgosia\downloads\robot\robot\robot\particlesgs.cso
c:\users\malgosia\downloads\robot\robot\robot\particlesps.cso
c:\users\malgosia\downloads\robot\robot\robot\particlesvs.cso
c:\users\malgosia\downloads\robot\robot\robot\phongps.cso
c:\users\malgosia\downloads\robot\robot\robot\phongvs.cso
c:\users\malgosia\downloads\robot\robot\x64\debug\robot.ilk
c:\users\malgosia\downloads\robot\robot\x64\debug\robot.exe
c:\users\malgosia\downloads\robot\robot\x64\debug\robot.pdb
c:\users\malgosia\downloads\robot\robot\robot\x64\debug\robot.tlog\cl.command.1.tlog
c:\users\malgosia\downloads\robot\robot\robot\x64\debug\robot.tlog\cl.read.1.tlog
c:\users\malgosia\downloads\robot\robot\robot\x64\debug\robot.tlog\cl.write.1.tlog
c:\users\malgosia\downloads\robot\robot\robot\x64\debug\robot.tlog\fxc.command.1.tlog
c:\users\malgosia\downloads\robot\robot\robot\x64\debug\robot.tlog\fxc.read.1.tlog
c:\users\malgosia\downloads\robot\robot\robot\x64\debug\robot.tlog\fxc.write.1.tlog
c:\users\malgosia\downloads\robot\robot\robot\x64\debug\robot.tlog\link.command.1.tlog
c:\users\malgosia\downloads\robot\robot\robot\x64\debug\robot.tlog\link.read.1.tlog
c:\users\malgosia\downloads\robot\robot\robot\x64\debug\robot.tlog\link.write.1.tlog
c:\users\malgosia\downloads\robot\robot\robot\x64\debug\robot.tlog\robot.write.1u.tlog
